<?xml version="1.0" encoding="UTF-8"?>
<!-- Generated by org.testng.reporters.JUnitReportReporter -->
<testsuite hostname="LokeshPC" failures="0" tests="1" name="HRM_project.Dummytest" time="15.706" errors="0" timestamp="2020-08-30T10:06:41 IST" skipped="0">
  <testcase classname="HRM_project.Dummytest" name="dummy_m1" time="15.706"/>
  <system-out/>
</testsuite> <!-- HRM_project.Dummytest -->
