<?xml version="1.0" encoding="UTF-8"?>
<!-- Generated by org.testng.reporters.JUnitReportReporter -->
<testsuite hostname="LokeshPC" failures="0" tests="1" name="Testcases.Admin_page" time="29.707" errors="0" timestamp="2020-11-13T12:23:20 IST" skipped="0">
  <testcase classname="Testcases.Admin_page" name="Adminpage" time="29.707"/>
</testsuite> <!-- Testcases.Admin_page -->
