<?xml version="1.0" encoding="UTF-8"?>
<!-- Generated by org.testng.reporters.JUnitReportReporter -->
<testsuite hostname="LokeshPC" failures="0" tests="1" name="HRM_project.LoginTestPos" time="4.640" errors="0" timestamp="2020-10-29T23:15:05 IST" skipped="0">
  <testcase classname="HRM_project.LoginTestPos" name="HRM_Login" time="4.640"/>
</testsuite> <!-- HRM_project.LoginTestPos -->
