<?xml version="1.0" encoding="UTF-8"?>
<!-- Generated by org.testng.reporters.JUnitReportReporter -->
<testsuite hostname="LokeshPC" failures="0" tests="1" name="HRM_project.LogintestNeg" time="17.374" errors="0" timestamp="2020-10-27T16:21:51 IST" skipped="0">
  <testcase classname="HRM_project.LogintestNeg" name="HRM_Login2" time="17.374"/>
  <system-out/>
</testsuite> <!-- HRM_project.LogintestNeg -->
