<?xml version="1.0" encoding="UTF-8"?>
<!-- Generated by org.testng.reporters.JUnitReportReporter -->
<testsuite hostname="LokeshPC" failures="0" tests="1" name="Testcases.Facebook_login" time="14.716" errors="0" timestamp="2020-11-15T18:49:54 IST" skipped="0">
  <testcase classname="Testcases.Facebook_login" name="fb_login" time="14.716"/>
</testsuite> <!-- Testcases.Facebook_login -->
