<?xml version="1.0" encoding="UTF-8"?>
<!-- Generated by org.testng.reporters.JUnitReportReporter -->
<testsuite hostname="LokeshPC" failures="0" tests="1" name="Testcases.LogintestNeg" time="8.150" errors="0" timestamp="2020-11-27T23:05:10 IST" skipped="0">
  <testcase classname="Testcases.LogintestNeg" name="HRM_Login2" time="8.150"/>
</testsuite> <!-- Testcases.LogintestNeg -->
