<?xml version="1.0" encoding="UTF-8"?>
<!-- Generated by org.testng.reporters.JUnitReportReporter -->
<testsuite hostname="LokeshPC" failures="0" tests="1" name="Testcases.LoginTestPos" time="13.041" errors="0" timestamp="2020-11-26T12:35:59 IST" skipped="0">
  <testcase classname="Testcases.LoginTestPos" name="HRM_Login" time="13.041"/>
</testsuite> <!-- Testcases.LoginTestPos -->
